
> spider-ts@1.0.0 dev /Users/nzc/Desktop/spider-ts
> ts-node ./src/spider.ts

{
  page: {
    title: '实时更新：新型冠状病毒肺炎疫情地图',
    seo: [],
    hasTongji: true,
    type: 'Window',
    name: '页面',
    id: 0,
    sharePageUrl: 'http://voice.baidu.com/act/newpneumonia/newpneumonia',
    shareDesc: '全国新型冠状病毒肺炎实时地图',
    shareTitle: '实时更新：新型冠状病毒肺炎疫情地图',
    shareImg: 'https://mms-res.cdn.bcebos.com/mms-res/voicefe/captain/images/ecc4e1b0a447b66941edd59b05c2a01a.png?size=96*96'
  },
  component: [
    {
      backgroundColor: '#00bac5',
      title: '疫情实时大数据报告',
      mapLastUpdatedTime: '2021.11.29 22:00',
      caseList: [Array],
      caseOutsideList: [Array],
      dataSource: '数据来自官方通报 全国与各省通报数据可能存在差异',
      hotwords: [Array],
      queryImg: 'https://mms-res.cdn.bcebos.com/mms-res/voicefe/captain/images/8ae57cc26ce169fb7e5f1552d401a77b.png?size=895*142',
      query: '上百度APP搜索 新型冠状病毒肺炎',
      queryLink: 'https://m.baidu.com/s?word=%E6%96%B0%E5%9E%8B%E5%86%A0%E7%8A%B6%E7%97%85%E6%AF%92%E8%82%BA%E7%82%8E&sa=searchpromo_yqdt_dbhs',
      type: 'Virus',
      id: '3f2cgxz',
      name: '肺炎2020-3f2cgxz',
      version: '1.1.318',
      children: [],
      top: 'NaN',
      left: 'NaN',
      summaryDataIn: [Object],
      summaryDataOut: [Object],
      share: [Object],
      hotwordsDuros: '疫情地图$2|武汉疫情$2|武汉新闻$1|武汉肺炎|新型冠状病毒|冠状病毒|武汉封城|蝙蝠|急诊科医生',
      subtitle: '新型冠状病毒肺炎',
      knowledges: [Array],
      gossips: [Array],
      trend: [Object],
      foreignLastUpdatedTime: '2021.11.29 22:00',
      trendChartSrc: 'https://mms-res.cdn.bcebos.com/mms-res/voicefe/captain/images/25f2183ac26ad934780329727093c622.png?size=1140*705',
      logoList: [Array],
      mapSrc: 'https://mms-res.cdn.bcebos.com/mms-res/voicefe/captain/images/179c88c21e03aa351b8be66eed098e5f.png?size=1050*803',
      cooperation: [Array],
      pcKingData: [],
      pcCooperation: [Array],
      kingData: [Array],
      trumpet: [],
      globalList: [Array],
      allForeignTrend: [Object],
      topAddCountry: [Array],
      topOverseasInput: [Array],
      asymptomaticTopProvince: [Array],
      newAddTopProvince: [Array],
      topCountryAddTrend: [Object]
    }
  ],
  bundle: {
    script: 'https://mss0.bdstatic.com/se/static/act/captain/bundles/458/a6dc3abe.cec60696.js',
    style: 'https://mss0.bdstatic.com/se/static/act/captain/bundles/458/a6dc3abe.595909d0.css'
  },
  version: 3297
}
